#
# There is insufficient memory for the Java Runtime Environment to continue.
# Native memory allocation (malloc) failed to allocate 1050176 bytes for Chunk::new
# Possible reasons:
#   The system is out of physical RAM or swap space
#   In 32 bit mode, the process size limit was hit
# Possible solutions:
#   Reduce memory load on the system
#   Increase physical memory or swap space
#   Check if swap backing store is full
#   Use 64 bit Java on a 64 bit OS
#   Decrease Java heap size (-Xmx/-Xms)
#   Decrease number of Java threads
#   Decrease Java thread stack sizes (-Xss)
#   Set larger code cache with -XX:ReservedCodeCacheSize=
# This output file may be truncated or incomplete.
#
#  Out of Memory Error (allocation.cpp:390), pid=8496, tid=0x0000000000002d60
#
# JRE version: Java(TM) SE Runtime Environment (8.0_161-b12) (build 1.8.0_161-b12)
# Java VM: Java HotSpot(TM) 64-Bit Server VM (25.161-b12 mixed mode windows-amd64 compressed oops)
# Failed to write core dump. Minidumps are not enabled by default on client versions of Windows
#

---------------  T H R E A D  ---------------

Current thread (0x0000000019fd9000):  JavaThread "C2 CompilerThread2" daemon [_thread_in_native, id=11616, stack(0x000000001a8a0000,0x000000001a9a0000)]

Stack: [0x000000001a8a0000,0x000000001a9a0000]
[error occurred during error reporting (printing stack bounds), id 0xc0000005]

Native frames: (J=compiled Java code, j=interpreted, Vv=VM code, C=native code)


Current CompileTask:
C2:   4296 3733       4       org.springframework.asm.Frame::execute (2252 bytes)


---------------  P R O C E S S  ---------------

Java Threads: ( => current thread )
  0x0000000019fde000 JavaThread "Service Thread" daemon [_thread_blocked, id=2144, stack(0x000000001aaa0000,0x000000001aba0000)]
  0x000000001a001800 JavaThread "C1 CompilerThread3" daemon [_thread_blocked, id=10200, stack(0x000000001a9a0000,0x000000001aaa0000)]
=>0x0000000019fd9000 JavaThread "C2 CompilerThread2" daemon [_thread_in_native, id=11616, stack(0x000000001a8a0000,0x000000001a9a0000)]
  0x0000000019fd1800 JavaThread "C2 CompilerThread1" daemon [_thread_in_native, id=2772, stack(0x000000001a7a0000,0x000000001a8a0000)]
  0x0000000019fd1000 JavaThread "C2 CompilerThread0" daemon [_thread_in_native, id=18776, stack(0x000000001a6a0000,0x000000001a7a0000)]
  0x0000000019fcf800 JavaThread "Monitor Ctrl-Break" daemon [_thread_in_native, id=8300, stack(0x000000001a5a0000,0x000000001a6a0000)]
  0x0000000019f3b000 JavaThread "Attach Listener" daemon [_thread_blocked, id=16620, stack(0x000000001a4a0000,0x000000001a5a0000)]
  0x0000000019ee4800 JavaThread "Signal Dispatcher" daemon [_thread_blocked, id=8724, stack(0x000000001a3a0000,0x000000001a4a0000)]
  0x0000000017fa8000 JavaThread "Finalizer" daemon [_thread_blocked, id=15480, stack(0x000000001a2a0000,0x000000001a3a0000)]
  0x0000000017fa1000 JavaThread "Reference Handler" daemon [_thread_blocked, id=7288, stack(0x0000000019da0000,0x0000000019ea0000)]
  0x0000000002da4000 JavaThread "main" [_thread_in_Java, id=17984, stack(0x0000000002ca0000,0x0000000002da0000)]

Other Threads:
  0x0000000002e9e800 VMThread [stack: 0x0000000019ca0000,0x0000000019da0000] [id=5636]
  0x0000000019fde800 WatcherThread [stack: 0x000000001aba0000,0x000000001aca0000] [id=18428]

VM state:not at safepoint (normal execution)

VM Mutex/Monitor currently owned by a thread: None

Heap:
 PSYoungGen      total 267264K, used 26113K [0x00000000d6200000, 0x00000000e9680000, 0x0000000100000000)
  eden space 256000K, 10% used [0x00000000d6200000,0x00000000d7b804c8,0x00000000e5c00000)
  from space 11264K, 0% used [0x00000000e8b80000,0x00000000e8b80000,0x00000000e9680000)
  to   space 8192K, 0% used [0x00000000e5c00000,0x00000000e5c00000,0x00000000e6400000)
 ParOldGen       total 51712K, used 18147K [0x0000000082600000, 0x0000000085880000, 0x00000000d6200000)
  object space 51712K, 35% used [0x0000000082600000,0x00000000837b8c40,0x0000000085880000)
 Metaspace       used 35021K, capacity 36328K, committed 36648K, reserved 1081344K
  class space    used 4550K, capacity 4822K, committed 4912K, reserved 1048576K

Card table byte_map: [0x0000000012460000,0x0000000012850000] byte_map_base: 0x000000001204d000

Marking Bits: (ParMarkBitMap*) 0x0000000066fcf860
 Begin Bits: [0x00000000132f0000, 0x0000000015258000)
 End Bits:   [0x0000000015258000, 0x00000000171c0000)

Polling page: 0x0000000000fb0000

CodeCache: size=245760Kb used=13975Kb max_used=13975Kb free=231784Kb
 bounds [0x00000000030a0000, 0x0000000003e50000, 0x00000000120a0000]
 total_blobs=4267 nmethods=3845 adapters=334
 compilation: enabled

Compilation events (10 events):
Event: 4.286 Thread 0x0000000019fd1000 nmethod 3788 0x0000000003e4c150 code [0x0000000003e4c320, 0x0000000003e4d038]
Event: 4.286 Thread 0x0000000019fd1000 3854       4       java.lang.Class::getAnnotations (11 bytes)
Event: 4.289 Thread 0x000000001a001800 3856       3       org.springframework.boot.test.mock.mockito.DefinitionsParser$$Lambda$9/1195067075::doWith (12 bytes)
Event: 4.289 Thread 0x000000001a001800 nmethod 3856 0x0000000003e45c10 code [0x0000000003e45d80, 0x0000000003e45f08]
Event: 4.294 Thread 0x000000001a001800 3857   !   3       com.sun.proxy.$Proxy41::annotationType (29 bytes)
Event: 4.294 Thread 0x000000001a001800 nmethod 3857 0x0000000003e45490 code [0x0000000003e45620, 0x0000000003e45a58]
Event: 4.295 Thread 0x000000001a001800 3858       3       sun.reflect.ClassFileAssembler::<init> (8 bytes)
Event: 4.295 Thread 0x000000001a001800 nmethod 3858 0x0000000003e44c10 code [0x0000000003e44da0, 0x0000000003e45250]
Event: 4.295 Thread 0x000000001a001800 3859       3       sun.reflect.ClassFileAssembler::append (9 bytes)
Event: 4.296 Thread 0x000000001a001800 nmethod 3859 0x0000000003e4dc90 code [0x0000000003e4de40, 0x0000000003e4e398]

GC Heap History (10 events):
Event: 1.857 GC heap before
{Heap before GC invocations=8 (full 1):
 PSYoungGen      total 137216K, used 3896K [0x00000000d6200000, 0x00000000e6e00000, 0x0000000100000000)
  eden space 129024K, 0% used [0x00000000d6200000,0x00000000d6200000,0x00000000de000000)
  from space 8192K, 47% used [0x00000000de000000,0x00000000de3ce140,0x00000000de800000)
  to   space 8192K, 0% used [0x00000000e6600000,0x00000000e6600000,0x00000000e6e00000)
 ParOldGen       total 86016K, used 6017K [0x0000000082600000, 0x0000000087a00000, 0x00000000d6200000)
  object space 86016K, 6% used [0x0000000082600000,0x0000000082be07e0,0x0000000087a00000)
 Metaspace       used 20631K, capacity 21220K, committed 21296K, reserved 1067008K
  class space    used 2667K, capacity 2838K, committed 2864K, reserved 1048576K
Event: 1.884 GC heap after
Heap after GC invocations=8 (full 1):
 PSYoungGen      total 137216K, used 0K [0x00000000d6200000, 0x00000000e6e00000, 0x0000000100000000)
  eden space 129024K, 0% used [0x00000000d6200000,0x00000000d6200000,0x00000000de000000)
  from space 8192K, 0% used [0x00000000de000000,0x00000000de000000,0x00000000de800000)
  to   space 8192K, 0% used [0x00000000e6600000,0x00000000e6600000,0x00000000e6e00000)
 ParOldGen       total 51712K, used 6375K [0x0000000082600000, 0x0000000085880000, 0x00000000d6200000)
  object space 51712K, 12% used [0x0000000082600000,0x0000000082c39f18,0x0000000085880000)
 Metaspace       used 20631K, capacity 21220K, committed 21296K, reserved 1067008K
  class space    used 2667K, capacity 2838K, committed 2864K, reserved 1048576K
}
Event: 2.726 GC heap before
{Heap before GC invocations=9 (full 1):
 PSYoungGen      total 137216K, used 129024K [0x00000000d6200000, 0x00000000e6e00000, 0x0000000100000000)
  eden space 129024K, 100% used [0x00000000d6200000,0x00000000de000000,0x00000000de000000)
  from space 8192K, 0% used [0x00000000de000000,0x00000000de000000,0x00000000de800000)
  to   space 8192K, 0% used [0x00000000e6600000,0x00000000e6600000,0x00000000e6e00000)
 ParOldGen       total 51712K, used 6375K [0x0000000082600000, 0x0000000085880000, 0x00000000d6200000)
  object space 51712K, 12% used [0x0000000082600000,0x0000000082c39f18,0x0000000085880000)
 Metaspace       used 26729K, capacity 27680K, committed 27824K, reserved 1073152K
  class space    used 3489K, capacity 3696K, committed 3760K, reserved 1048576K
Event: 2.730 GC heap after
Heap after GC invocations=9 (full 1):
 PSYoungGen      total 220160K, used 6049K [0x00000000d6200000, 0x00000000e6c00000, 0x0000000100000000)
  eden space 214016K, 0% used [0x00000000d6200000,0x00000000d6200000,0x00000000e3300000)
  from space 6144K, 98% used [0x00000000e6600000,0x00000000e6be85d0,0x00000000e6c00000)
  to   space 8192K, 0% used [0x00000000e5c00000,0x00000000e5c00000,0x00000000e6400000)
 ParOldGen       total 51712K, used 6447K [0x0000000082600000, 0x0000000085880000, 0x00000000d6200000)
  object space 51712K, 12% used [0x0000000082600000,0x0000000082c4bf28,0x0000000085880000)
 Metaspace       used 26729K, capacity 27680K, committed 27824K, reserved 1073152K
  class space    used 3489K, capacity 3696K, committed 3760K, reserved 1048576K
}
Event: 3.441 GC heap before
{Heap before GC invocations=10 (full 1):
 PSYoungGen      total 220160K, used 220065K [0x00000000d6200000, 0x00000000e6c00000, 0x0000000100000000)
  eden space 214016K, 100% used [0x00000000d6200000,0x00000000e3300000,0x00000000e3300000)
  from space 6144K, 98% used [0x00000000e6600000,0x00000000e6be85d0,0x00000000e6c00000)
  to   space 8192K, 0% used [0x00000000e5c00000,0x00000000e5c00000,0x00000000e6400000)
 ParOldGen       total 51712K, used 6447K [0x0000000082600000, 0x0000000085880000, 0x00000000d6200000)
  object space 51712K, 12% used [0x0000000082600000,0x0000000082c4bf28,0x0000000085880000)
 Metaspace       used 29957K, capacity 31050K, committed 31280K, reserved 1077248K
  class space    used 3884K, capacity 4107K, committed 4144K, reserved 1048576K
Event: 3.449 GC heap after
Heap after GC invocations=10 (full 1):
 PSYoungGen      total 264192K, used 8169K [0x00000000d6200000, 0x00000000e9680000, 0x0000000100000000)
  eden space 256000K, 0% used [0x00000000d6200000,0x00000000d6200000,0x00000000e5c00000)
  from space 8192K, 99% used [0x00000000e5c00000,0x00000000e63fa718,0x00000000e6400000)
  to   space 11264K, 0% used [0x00000000e8b80000,0x00000000e8b80000,0x00000000e9680000)
 ParOldGen       total 51712K, used 11838K [0x0000000082600000, 0x0000000085880000, 0x00000000d6200000)
  object space 51712K, 22% used [0x0000000082600000,0x000000008318f878,0x0000000085880000)
 Metaspace       used 29957K, capacity 31050K, committed 31280K, reserved 1077248K
  class space    used 3884K, capacity 4107K, committed 4144K, reserved 1048576K
}
Event: 4.084 GC heap before
{Heap before GC invocations=11 (full 1):
 PSYoungGen      total 264192K, used 123387K [0x00000000d6200000, 0x00000000e9680000, 0x0000000100000000)
  eden space 256000K, 45% used [0x00000000d6200000,0x00000000dd284878,0x00000000e5c00000)
  from space 8192K, 99% used [0x00000000e5c00000,0x00000000e63fa718,0x00000000e6400000)
  to   space 11264K, 0% used [0x00000000e8b80000,0x00000000e8b80000,0x00000000e9680000)
 ParOldGen       total 51712K, used 11838K [0x0000000082600000, 0x0000000085880000, 0x00000000d6200000)
  object space 51712K, 22% used [0x0000000082600000,0x000000008318f878,0x0000000085880000)
 Metaspace       used 34091K, capacity 35416K, committed 35496K, reserved 1079296K
  class space    used 4459K, capacity 4718K, committed 4784K, reserved 1048576K
Event: 4.094 GC heap after
Heap after GC invocations=11 (full 1):
 PSYoungGen      total 267264K, used 10813K [0x00000000d6200000, 0x00000000e9680000, 0x0000000100000000)
  eden space 256000K, 0% used [0x00000000d6200000,0x00000000d6200000,0x00000000e5c00000)
  from space 11264K, 95% used [0x00000000e8b80000,0x00000000e960f528,0x00000000e9680000)
  to   space 8192K, 0% used [0x00000000e5c00000,0x00000000e5c00000,0x00000000e6400000)
 ParOldGen       total 51712K, used 14354K [0x0000000082600000, 0x0000000085880000, 0x00000000d6200000)
  object space 51712K, 27% used [0x0000000082600000,0x00000000834048c8,0x0000000085880000)
 Metaspace       used 34091K, capacity 35416K, committed 35496K, reserved 1079296K
  class space    used 4459K, capacity 4718K, committed 4784K, reserved 1048576K
}
Event: 4.094 GC heap before
{Heap before GC invocations=12 (full 2):
 PSYoungGen      total 267264K, used 10813K [0x00000000d6200000, 0x00000000e9680000, 0x0000000100000000)
  eden space 256000K, 0% used [0x00000000d6200000,0x00000000d6200000,0x00000000e5c00000)
  from space 11264K, 95% used [0x00000000e8b80000,0x00000000e960f528,0x00000000e9680000)
  to   space 8192K, 0% used [0x00000000e5c00000,0x00000000e5c00000,0x00000000e6400000)
 ParOldGen       total 51712K, used 14354K [0x0000000082600000, 0x0000000085880000, 0x00000000d6200000)
  object space 51712K, 27% used [0x0000000082600000,0x00000000834048c8,0x0000000085880000)
 Metaspace       used 34091K, capacity 35416K, committed 35496K, reserved 1079296K
  class space    used 4459K, capacity 4718K, committed 4784K, reserved 1048576K
Event: 4.139 GC heap after
Heap after GC invocations=12 (full 2):
 PSYoungGen      total 267264K, used 0K [0x00000000d6200000, 0x00000000e9680000, 0x0000000100000000)
  eden space 256000K, 0% used [0x00000000d6200000,0x00000000d6200000,0x00000000e5c00000)
  from space 11264K, 0% used [0x00000000e8b80000,0x00000000e8b80000,0x00000000e9680000)
  to   space 8192K, 0% used [0x00000000e5c00000,0x00000000e5c00000,0x00000000e6400000)
 ParOldGen       total 51712K, used 18147K [0x0000000082600000, 0x0000000085880000, 0x00000000d6200000)
  object space 51712K, 35% used [0x0000000082600000,0x00000000837b8c40,0x0000000085880000)
 Metaspace       used 34091K, capacity 35416K, committed 35496K, reserved 1079296K
  class space    used 4459K, capacity 4718K, committed 4784K, reserved 1048576K
}

Deoptimization events (10 events):
Event: 3.966 Thread 0x0000000002da4000 Uncommon trap: reason=unstable_if action=reinterpret pc=0x0000000003b2a8a8 method=org.springframework.asm.ClassReader.readCode(Lorg/springframework/asm/MethodVisitor;Lorg/springframework/asm/Context;I)V @ 830
Event: 3.966 Thread 0x0000000002da4000 Uncommon trap: reason=class_check action=maybe_recompile pc=0x000000000351572c method=java.util.concurrent.ConcurrentHashMap.putVal(Ljava/lang/Object;Ljava/lang/Object;Z)Ljava/lang/Object; @ 192
Event: 3.966 Thread 0x0000000002da4000 Uncommon trap: reason=unstable_if action=reinterpret pc=0x000000000363fd9c method=java.util.concurrent.ConcurrentHashMap.get(Ljava/lang/Object;)Ljava/lang/Object; @ 76
Event: 4.016 Thread 0x0000000002da4000 Uncommon trap: reason=unstable_if action=reinterpret pc=0x0000000003a44ea0 method=org.springframework.asm.MethodVisitor.visitMethodInsn(ILjava/lang/String;Ljava/lang/String;Ljava/lang/String;Z)V @ 50
Event: 4.017 Thread 0x0000000002da4000 Uncommon trap: reason=class_check action=maybe_recompile pc=0x0000000003a936c4 method=org.springframework.asm.MethodVisitor.visitInsn(I)V @ 12
Event: 4.019 Thread 0x0000000002da4000 Uncommon trap: reason=unstable_if action=reinterpret pc=0x0000000003a23844 method=java.util.LinkedList.node(I)Ljava/util/LinkedList$Node; @ 19
Event: 4.019 Thread 0x0000000002da4000 Uncommon trap: reason=class_check action=maybe_recompile pc=0x0000000003a936c4 method=org.springframework.asm.MethodVisitor.visitInsn(I)V @ 12
Event: 4.021 Thread 0x0000000002da4000 Uncommon trap: reason=class_check action=maybe_recompile pc=0x0000000003a936c4 method=org.springframework.asm.MethodVisitor.visitInsn(I)V @ 12
Event: 4.023 Thread 0x0000000002da4000 Uncommon trap: reason=class_check action=maybe_recompile pc=0x0000000003a936c4 method=org.springframework.asm.MethodVisitor.visitInsn(I)V @ 12
Event: 4.259 Thread 0x0000000002da4000 Uncommon trap: reason=unloaded action=reinterpret pc=0x0000000003a21654 method=java.lang.Class.createAnnotationData(I)Ljava/lang/Class$AnnotationData; @ 98

Classes redefined (0 events):
No events

Internal exceptions (10 events):
Event: 4.248 Thread 0x0000000002da4000 Exception <a 'java/lang/ClassNotFoundException': org/springframework/beans/factory/config/BeanFactoryPostProcessorCustomizer> (0x00000000d71ce420) thrown at [C:\re\workspace\8-2-build-windows-amd64-cygwin\jdk8u161\10277\hotspot\src\share\vm\classfile\syst
Event: 4.249 Thread 0x0000000002da4000 Exception <a 'java/lang/ClassNotFoundException': org/springframework/core/PriorityOrderedCustomizer> (0x00000000d7206398) thrown at [C:\re\workspace\8-2-build-windows-amd64-cygwin\jdk8u161\10277\hotspot\src\share\vm\classfile\systemDictionary.cpp, line 21
Event: 4.253 Thread 0x0000000002da4000 Exception <a 'java/lang/ClassNotFoundException': java/lang/ObjectCustomizer> (0x00000000d72ae700) thrown at [C:\re\workspace\8-2-build-windows-amd64-cygwin\jdk8u161\10277\hotspot\src\share\vm\classfile\systemDictionary.cpp, line 210]
Event: 4.254 Thread 0x0000000002da4000 Exception <a 'java/lang/ClassNotFoundException': org/springframework/beans/factory/config/InstantiationAwareBeanPostProcessorAdapterCustomizer> (0x00000000d7309e68) thrown at [C:\re\workspace\8-2-build-windows-amd64-cygwin\jdk8u161\10277\hotspot\src\share
Event: 4.255 Thread 0x0000000002da4000 Exception <a 'java/lang/ClassNotFoundException': org/springframework/boot/test/mock/mockito/MockitoPostProcessorCustomizer> (0x00000000d735c940) thrown at [C:\re\workspace\8-2-build-windows-amd64-cygwin\jdk8u161\10277\hotspot\src\share\vm\classfile\system
Event: 4.256 Thread 0x0000000002da4000 Exception <a 'java/lang/ClassNotFoundException': org/springframework/beans/factory/BeanClassLoaderAwareCustomizer> (0x00000000d73afd40) thrown at [C:\re\workspace\8-2-build-windows-amd64-cygwin\jdk8u161\10277\hotspot\src\share\vm\classfile\systemDictionar
Event: 4.256 Thread 0x0000000002da4000 Exception <a 'java/lang/ClassNotFoundException': org/springframework/beans/factory/BeanFactoryAwareCustomizer> (0x00000000d73f0bb0) thrown at [C:\re\workspace\8-2-build-windows-amd64-cygwin\jdk8u161\10277\hotspot\src\share\vm\classfile\systemDictionary.cp
Event: 4.257 Thread 0x0000000002da4000 Exception <a 'java/lang/ClassNotFoundException': org/springframework/beans/factory/config/BeanFactoryPostProcessorCustomizer> (0x00000000d743d7a0) thrown at [C:\re\workspace\8-2-build-windows-amd64-cygwin\jdk8u161\10277\hotspot\src\share\vm\classfile\syst
Event: 4.257 Thread 0x0000000002da4000 Exception <a 'java/lang/ClassNotFoundException': org/springframework/core/OrderedCustomizer> (0x00000000d746fa48) thrown at [C:\re\workspace\8-2-build-windows-amd64-cygwin\jdk8u161\10277\hotspot\src\share\vm\classfile\systemDictionary.cpp, line 210]
Event: 4.258 Thread 0x0000000002da4000 Exception <a 'java/lang/ClassNotFoundException': org/springframework/beans/factory/config/SmartInstantiationAwareBeanPostProcessorCustomizer> (0x00000000d74c79e8) thrown at [C:\re\workspace\8-2-build-windows-amd64-cygwin\jdk8u161\10277\hotspot\src\share\v

Events (10 events):
Event: 4.287 loading class com/google/common/collect/ImmutableMap$Builder
Event: 4.287 loading class com/google/common/collect/ImmutableMap$Builder done
Event: 4.292 loading class org/springframework/boot/autoconfigure/web/servlet/error/ErrorMvcAutoConfiguration$SpelView
Event: 4.292 loading class org/springframework/boot/autoconfigure/web/servlet/error/ErrorMvcAutoConfiguration$SpelView done
Event: 4.293 loading class org/springframework/boot/autoconfigure/web/servlet/WebMvcRegistrations
Event: 4.293 loading class org/springframework/boot/autoconfigure/web/servlet/WebMvcRegistrations done
Event: 4.294 loading class org/springframework/web/servlet/config/annotation/WebMvcConfigurerComposite
Event: 4.294 loading class org/springframework/web/servlet/config/annotation/WebMvcConfigurerComposite done
Event: 4.294 loading class org/springframework/boot/autoconfigure/web/servlet/WebMvcAutoConfiguration$ResourceHandlerRegistrationCustomizer
Event: 4.294 loading class org/springframework/boot/autoconfigure/web/servlet/WebMvcAutoConfiguration$ResourceHandlerRegistrationCustomizer done


Dynamic libraries:
0x00007ff730ef0000 - 0x00007ff730f27000 	C:\java\jdk1.8.0_161\bin\java.exe
0x00007fffb6020000 - 0x00007fffb6210000 	C:\windows\SYSTEM32\ntdll.dll
0x00007fffb5aa0000 - 0x00007fffb5b52000 	C:\windows\System32\KERNEL32.DLL
0x00007fffb30c0000 - 0x00007fffb3364000 	C:\windows\System32\KERNELBASE.dll
0x00007fffb5950000 - 0x00007fffb59f3000 	C:\windows\System32\ADVAPI32.dll
0x00007fffb5890000 - 0x00007fffb592e000 	C:\windows\System32\msvcrt.dll
0x00007fffb5f10000 - 0x00007fffb5fa7000 	C:\windows\System32\sechost.dll
0x00007fffb4750000 - 0x00007fffb4870000 	C:\windows\System32\RPCRT4.dll
0x00007fffb5b60000 - 0x00007fffb5cf4000 	C:\windows\System32\USER32.dll
0x00007fffb40a0000 - 0x00007fffb40c1000 	C:\windows\System32\win32u.dll
0x00007fffb5fb0000 - 0x00007fffb5fd6000 	C:\windows\System32\GDI32.dll
0x00007fffb3370000 - 0x00007fffb3504000 	C:\windows\System32\gdi32full.dll
0x00007fffb3880000 - 0x00007fffb391e000 	C:\windows\System32\msvcp_win.dll
0x00007fffb3700000 - 0x00007fffb37fa000 	C:\windows\System32\ucrtbase.dll
0x00007fff9da10000 - 0x00007fff9dc94000 	C:\windows\WinSxS\amd64_microsoft.windows.common-controls_6595b64144ccf1df_6.0.18362.836_none_e6c4b943130f18ed\COMCTL32.dll
0x00007fffb5280000 - 0x00007fffb55b6000 	C:\windows\System32\combase.dll
0x00007fffb3800000 - 0x00007fffb3880000 	C:\windows\System32\bcryptPrimitives.dll
0x00007fffb5d00000 - 0x00007fffb5d2e000 	C:\windows\System32\IMM32.DLL
0x0000000067050000 - 0x0000000067122000 	C:\java\jdk1.8.0_161\jre\bin\msvcr100.dll
0x00000000667b0000 - 0x000000006704f000 	C:\java\jdk1.8.0_161\jre\bin\server\jvm.dll
0x00007fffb5270000 - 0x00007fffb5278000 	C:\windows\System32\PSAPI.DLL
0x00007fffabb30000 - 0x00007fffabb54000 	C:\windows\SYSTEM32\WINMM.dll
0x00007fffab020000 - 0x00007fffab029000 	C:\windows\SYSTEM32\WSOCK32.dll
0x00007fffa9ce0000 - 0x00007fffa9cea000 	C:\windows\SYSTEM32\VERSION.dll
0x00007fffb5700000 - 0x00007fffb576f000 	C:\windows\System32\WS2_32.dll
0x00007fffab580000 - 0x00007fffab5ad000 	C:\windows\SYSTEM32\WINMMBASE.dll
0x00007fffb3690000 - 0x00007fffb36da000 	C:\windows\System32\cfgmgr32.dll
0x00000000667a0000 - 0x00000000667af000 	C:\java\jdk1.8.0_161\jre\bin\verify.dll
0x0000000066770000 - 0x0000000066799000 	C:\java\jdk1.8.0_161\jre\bin\java.dll
0x0000000066720000 - 0x0000000066743000 	C:\java\jdk1.8.0_161\jre\bin\instrument.dll
0x0000000066750000 - 0x0000000066766000 	C:\java\jdk1.8.0_161\jre\bin\zip.dll
0x00007fffb4ac0000 - 0x00007fffb51a4000 	C:\windows\System32\SHELL32.dll
0x00007fffb5770000 - 0x00007fffb5819000 	C:\windows\System32\shcore.dll
0x00007fffb3920000 - 0x00007fffb409e000 	C:\windows\System32\windows.storage.dll
0x00007fffb2ef0000 - 0x00007fffb2f13000 	C:\windows\System32\profapi.dll
0x00007fffb2f20000 - 0x00007fffb2f6a000 	C:\windows\System32\powrprof.dll
0x00007fffb2ee0000 - 0x00007fffb2ef0000 	C:\windows\System32\UMPDC.dll
0x00007fffb46f0000 - 0x00007fffb4742000 	C:\windows\System32\shlwapi.dll
0x00007fffb2f90000 - 0x00007fffb2fa1000 	C:\windows\System32\kernel.appcore.dll
0x00007fffb36e0000 - 0x00007fffb36f7000 	C:\windows\System32\cryptsp.dll
0x00007fff71690000 - 0x00007fff716aa000 	D:\idea\IntelliJ IDEA 2019.2.2\bin\breakgen64.dll
0x0000000066700000 - 0x000000006671a000 	C:\java\jdk1.8.0_161\jre\bin\net.dll
0x00007fffb2750000 - 0x00007fffb27b7000 	C:\windows\system32\mswsock.dll
0x00000000666e0000 - 0x00000000666f1000 	C:\java\jdk1.8.0_161\jre\bin\nio.dll
0x00007fffb2460000 - 0x00007fffb249a000 	C:\windows\SYSTEM32\IPHLPAPI.DLL
0x00007fffb5930000 - 0x00007fffb5938000 	C:\windows\System32\NSI.dll
0x00007fffaaa40000 - 0x00007fffaaa56000 	C:\windows\SYSTEM32\dhcpcsvc6.DLL
0x00007fffaaa20000 - 0x00007fffaaa3c000 	C:\windows\SYSTEM32\dhcpcsvc.DLL
0x00007fffb24b0000 - 0x00007fffb257b000 	C:\windows\SYSTEM32\DNSAPI.dll
0x00007fffabb60000 - 0x00007fffabb8f000 	C:\Program Files (x86)\Sangfor\SSL\ClientComponent\SangforNspX64.dll
0x00007fffb5db0000 - 0x00007fffb5f07000 	C:\windows\System32\ole32.dll
0x00007fffb4920000 - 0x00007fffb49e4000 	C:\windows\System32\OLEAUT32.dll
0x00007fffab300000 - 0x00007fffab30a000 	C:\Windows\System32\rasadhlp.dll
0x00007fffaa7a0000 - 0x00007fffaa817000 	C:\windows\System32\fwpuclnt.dll
0x00007fffb3510000 - 0x00007fffb3536000 	C:\windows\System32\bcrypt.dll
0x00000000666d0000 - 0x00000000666dd000 	C:\java\jdk1.8.0_161\jre\bin\management.dll
0x00007fffab2e0000 - 0x00007fffab2f6000 	C:\windows\system32\napinsp.dll
0x00007fffab3e0000 - 0x00007fffab3fa000 	C:\windows\system32\pnrpnsp.dll
0x00007fffabb20000 - 0x00007fffabb2e000 	C:\windows\System32\winrnr.dll
0x00007fffac1c0000 - 0x00007fffac1dc000 	C:\windows\system32\NLAapi.dll
0x00007fffab400000 - 0x00007fffab415000 	C:\windows\system32\wshbth.dll

VM Arguments:
jvm_args: -ea -Didea.test.cyclic.buffer.size=1048576 -javaagent:D:\idea\IntelliJ IDEA 2019.2.2\lib\idea_rt.jar=56873:D:\idea\IntelliJ IDEA 2019.2.2\bin -Dfile.encoding=UTF-8 
java_command: com.intellij.rt.execution.junit.JUnitStarter -ideVersion5 -junit4 com.iels.learning.learningCourseTest,testLearningCourse
java_class_path (initial): D:\idea\IntelliJ IDEA 2019.2.2\lib\idea_rt.jar;D:\idea\IntelliJ IDEA 2019.2.2\plugins\junit\lib\junit-rt.jar;D:\idea\IntelliJ IDEA 2019.2.2\plugins\junit\lib\junit5-rt.jar;C:\java\jdk1.8.0_161\jre\lib\charsets.jar;C:\java\jdk1.8.0_161\jre\lib\deploy.jar;C:\java\jdk1.8.0_161\jre\lib\ext\access-bridge-64.jar;C:\java\jdk1.8.0_161\jre\lib\ext\cldrdata.jar;C:\java\jdk1.8.0_161\jre\lib\ext\dnsns.jar;C:\java\jdk1.8.0_161\jre\lib\ext\jaccess.jar;C:\java\jdk1.8.0_161\jre\lib\ext\jfxrt.jar;C:\java\jdk1.8.0_161\jre\lib\ext\localedata.jar;C:\java\jdk1.8.0_161\jre\lib\ext\nashorn.jar;C:\java\jdk1.8.0_161\jre\lib\ext\ojdbc6.jar;C:\java\jdk1.8.0_161\jre\lib\ext\rt.jar;C:\java\jdk1.8.0_161\jre\lib\ext\sqljdbc.jar;C:\java\jdk1.8.0_161\jre\lib\ext\sunec.jar;C:\java\jdk1.8.0_161\jre\lib\ext\sunjce_provider.jar;C:\java\jdk1.8.0_161\jre\lib\ext\sunmscapi.jar;C:\java\jdk1.8.0_161\jre\lib\ext\sunpkcs11.jar;C:\java\jdk1.8.0_161\jre\lib\ext\zipfs.jar;C:\java\jdk1.8.0_161\jre\lib\javaws.jar;C:\java\jdk1.8.0_161\jre\lib\jce.jar;C:\java\jdk1.8.0_161\jre\lib\jfr.jar;C:\java\jdk1.8.0_161\jre\lib\jfxswt.jar;C:\java\jdk1.8.0_161\jre\lib\jsse.jar;C:\java\jdk1.8.0_161\jre\lib\management-agent.jar;C:\java\jdk1.8.0_161\jre\lib\plugin.jar;C:\java\jdk1.8.0_161\jre\lib\resources.jar;C:\java\jdk1.8.0_161\jre\lib\rt.jar;D:\iels_Project\iels\ielsServiceV1\iels-service-learning\target\test-classes;D:\iels_Project\iels\ielsServiceV1\iels-service-learning\target\classes;D:\iels_Project\iels\ielsServiceV1\iels-framework-common\target\classes;D:\Maven\repository\org\projectlombok\lombok\1.16.16\lombok-1.16.16.jar;D:\Maven\repository\io\springfox\springfox-swagger2\2.7.0\springfox-swagger2-2.7.0.jar;D:\Maven\repository\io\swagger\swagger-annotations\1.5.13\swagger-annotations-1.5.13.jar;D:\Maven\repository\io\swagger\swagger-models\1.5.13\swagger-models-1.5.13.jar;D:\Maven\repository\io\springfox\springfox-spi\2.7.0\springfox-spi-2.7.0.jar;D:\Maven\repository\io\springfox\springfox-co
Launcher Type: SUN_STANDARD

Environment Variables:
JAVA_HOME=C:\java\jdk1.8.0_161
PATH=C:\windows\system32;C:\windows;C:\windows\System32\Wbem;C:\windows\System32\WindowsPowerShell\v1.0\;C:\windows\System32\OpenSSH\;C:\Program Files (x86)\NVIDIA Corporation\PhysX\Common;C:\Program Files\NVIDIA Corporation\NVIDIA NvDLISR;C:\Program Files\Intel\WiFi\bin\;C:\Program Files\Common Files\Intel\WirelessCommon\;C:\java\jdk1.8.0_161\bin;C:\mysql-5.6.38\bin;D:\Maven\apache-maven-3.5.4\bin;D:\node\;D:\git\Git\cmd;D:\TortoiseGit\bin;D:\node\npm_modules;D:\erl10.5\bin;D:\apache-jmeter-5.2.1\apache-jmeter-5.2.1\bin;D:\ruby\Ruby25-x64\bin;C:\Users\Garmi\AppData\Local\Microsoft\WindowsApps;C:\Users\Garmi\AppData\Roaming\npm;D:\vscode\Microsoft VS Code\bin
USERNAME=Garmi
OS=Windows_NT
PROCESSOR_IDENTIFIER=Intel64 Family 6 Model 142 Stepping 12, GenuineIntel



---------------  S Y S T E M  ---------------

OS: Windows 10.0 , 64 bit Build 18362 (10.0.18362.778)

CPU:total 8 (initial active 8) (4 cores per cpu, 2 threads per core) family 6 model 142 stepping 12, cmov, cx8, fxsr, mmx, sse, sse2, sse3, ssse3, sse4.1, sse4.2, popcnt, avx, avx2, aes, clmul, erms, 3dnowpref, lzcnt, ht, tsc, tscinvbit, bmi1, bmi2, adx

Memory: 4k page, physical 8230644k(293924k free), swap 18716400k(5684k free)

vm_info: Java HotSpot(TM) 64-Bit Server VM (25.161-b12) for windows-amd64 JRE (1.8.0_161-b12), built on Dec 19 2017 17:52:25 by "java_re" with MS VC++ 10.0 (VS2010)

time: Tue May 19 18:16:26 2020
elapsed time: 4 seconds (0d 0h 0m 4s)

