#
# There is insufficient memory for the Java Runtime Environment to continue.
# Native memory allocation (malloc) failed to allocate 1181776 bytes for Chunk::new
# Possible reasons:
#   The system is out of physical RAM or swap space
#   In 32 bit mode, the process size limit was hit
# Possible solutions:
#   Reduce memory load on the system
#   Increase physical memory or swap space
#   Check if swap backing store is full
#   Use 64 bit Java on a 64 bit OS
#   Decrease Java heap size (-Xmx/-Xms)
#   Decrease number of Java threads
#   Decrease Java thread stack sizes (-Xss)
#   Set larger code cache with -XX:ReservedCodeCacheSize=
# This output file may be truncated or incomplete.
#
#  Out of Memory Error (allocation.cpp:390), pid=7264, tid=0x0000000000003808
#
# JRE version: Java(TM) SE Runtime Environment (8.0_161-b12) (build 1.8.0_161-b12)
# Java VM: Java HotSpot(TM) 64-Bit Server VM (25.161-b12 mixed mode windows-amd64 compressed oops)
# Failed to write core dump. Minidumps are not enabled by default on client versions of Windows
#

---------------  T H R E A D  ---------------

Current thread (0x000000001a27b000):  JavaThread "C2 CompilerThread2" daemon [_thread_in_native, id=14344, stack(0x000000001aba0000,0x000000001aca0000)]

Stack: [0x000000001aba0000,0x000000001aca0000]
[error occurred during error reporting (printing stack bounds), id 0xc0000005]

Native frames: (J=compiled Java code, j=interpreted, Vv=VM code, C=native code)


Current CompileTask:
C2:   7737 5370       4       java.lang.Class::privateGetMethodRecursive (130 bytes)


---------------  P R O C E S S  ---------------

Java Threads: ( => current thread )
  0x000000002015a000 JavaThread "Druid-ConnectionPool-Destroy-1375503918" daemon [_thread_blocked, id=13480, stack(0x0000000023f80000,0x0000000024080000)]
  0x0000000020157000 JavaThread "Druid-ConnectionPool-Create-1375503918" daemon [_thread_blocked, id=10044, stack(0x000000001e520000,0x000000001e620000)]
  0x0000000020158800 JavaThread "Abandoned connection cleanup thread" daemon [_thread_blocked, id=18244, stack(0x000000001e210000,0x000000001e310000)]
  0x000000001a338000 JavaThread "Service Thread" daemon [_thread_blocked, id=2644, stack(0x000000001ada0000,0x000000001aea0000)]
  0x000000001a280000 JavaThread "C1 CompilerThread3" daemon [_thread_blocked, id=14660, stack(0x000000001aca0000,0x000000001ada0000)]
=>0x000000001a27b000 JavaThread "C2 CompilerThread2" daemon [_thread_in_native, id=14344, stack(0x000000001aba0000,0x000000001aca0000)]
  0x000000001a277800 JavaThread "C2 CompilerThread1" daemon [_thread_in_native, id=7996, stack(0x000000001aaa0000,0x000000001aba0000)]
  0x000000001a275800 JavaThread "C2 CompilerThread0" daemon [_thread_in_native, id=9400, stack(0x000000001a9a0000,0x000000001aaa0000)]
  0x000000001a1fd000 JavaThread "Monitor Ctrl-Break" daemon [_thread_in_native, id=1760, stack(0x000000001a8a0000,0x000000001a9a0000)]
  0x000000001a1db000 JavaThread "Attach Listener" daemon [_thread_blocked, id=17976, stack(0x000000001a7a0000,0x000000001a8a0000)]
  0x000000001a184800 JavaThread "Signal Dispatcher" daemon [_thread_blocked, id=13716, stack(0x000000001a6a0000,0x000000001a7a0000)]
  0x000000001a160800 JavaThread "Finalizer" daemon [_thread_blocked, id=2032, stack(0x000000001a540000,0x000000001a640000)]
  0x0000000018262800 JavaThread "Reference Handler" daemon [_thread_blocked, id=2264, stack(0x000000001a040000,0x000000001a140000)]
  0x0000000003164000 JavaThread "main" [_thread_in_Java, id=4400, stack(0x0000000003060000,0x0000000003160000)]

Other Threads:
  0x000000001825a800 VMThread [stack: 0x0000000019f40000,0x000000001a040000] [id=12364]
  0x000000001a3bb800 WatcherThread [stack: 0x000000001aea0000,0x000000001afa0000] [id=10808]

VM state:not at safepoint (normal execution)

VM Mutex/Monitor currently owned by a thread: None

Heap:
 PSYoungGen      total 326656K, used 110406K [0x00000000d6200000, 0x00000000f1c80000, 0x0000000100000000)
  eden space 313856K, 31% used [0x00000000d6200000,0x00000000dc1539e8,0x00000000e9480000)
  from space 12800K, 99% used [0x00000000e9480000,0x00000000ea0fdeb0,0x00000000ea100000)
  to   space 16384K, 0% used [0x00000000f0c80000,0x00000000f0c80000,0x00000000f1c80000)
 ParOldGen       total 79872K, used 23368K [0x0000000082600000, 0x0000000087400000, 0x00000000d6200000)
  object space 79872K, 29% used [0x0000000082600000,0x0000000083cd2310,0x0000000087400000)
 Metaspace       used 50634K, capacity 52100K, committed 52440K, reserved 1095680K
  class space    used 6582K, capacity 6856K, committed 6912K, reserved 1048576K

Card table byte_map: [0x0000000012720000,0x0000000012b10000] byte_map_base: 0x000000001230d000

Marking Bits: (ParMarkBitMap*) 0x0000000066fcf860
 Begin Bits: [0x00000000135b0000, 0x0000000015518000)
 End Bits:   [0x0000000015518000, 0x0000000017480000)

Polling page: 0x00000000012b0000

CodeCache: size=245760Kb used=17114Kb max_used=17114Kb free=228645Kb
 bounds [0x0000000003360000, 0x0000000004430000, 0x0000000012360000]
 total_blobs=5402 nmethods=4862 adapters=452
 compilation: enabled

Compilation events (10 events):
Event: 7.734 Thread 0x000000001a280000 5484       2       org.springframework.cglib.reflect.FastClassEmitter$3::processCase (25 bytes)
Event: 7.734 Thread 0x000000001a280000 nmethod 5484 0x00000000044246d0 code [0x0000000004424860, 0x0000000004424aa8]
Event: 7.734 Thread 0x000000001a280000 5486       2       org.springframework.cglib.core.EmitUtils$11::transform (11 bytes)
Event: 7.734 Thread 0x000000001a280000 nmethod 5486 0x0000000004424d10 code [0x0000000004424e80, 0x0000000004425048]
Event: 7.734 Thread 0x000000001a280000 5487       2       org.springframework.cglib.core.EmitUtils$12::processCase (37 bytes)
Event: 7.735 Thread 0x000000001a280000 nmethod 5487 0x0000000004425150 code [0x00000000044252c0, 0x00000000044254d8]
Event: 7.735 Thread 0x000000001a280000 5488       2       org.springframework.asm.MethodWriter::visitSwitchInsn (140 bytes)
Event: 7.735 Thread 0x000000001a280000 nmethod 5488 0x00000000044255d0 code [0x00000000044257a0, 0x0000000004425b98]
Event: 7.735 Thread 0x000000001a280000 5489       2       org.springframework.cglib.core.ReflectUtils$6::getModifiers (8 bytes)
Event: 7.735 Thread 0x000000001a280000 nmethod 5489 0x0000000004425f10 code [0x0000000004426080, 0x00000000044261e8]

GC Heap History (10 events):
Event: 2.895 GC heap before
{Heap before GC invocations=9 (full 1):
 PSYoungGen      total 137216K, used 129024K [0x00000000d6200000, 0x00000000e6e00000, 0x0000000100000000)
  eden space 129024K, 100% used [0x00000000d6200000,0x00000000de000000,0x00000000de000000)
  from space 8192K, 0% used [0x00000000de000000,0x00000000de000000,0x00000000de800000)
  to   space 8192K, 0% used [0x00000000e6600000,0x00000000e6600000,0x00000000e6e00000)
 ParOldGen       total 49664K, used 6194K [0x0000000082600000, 0x0000000085680000, 0x00000000d6200000)
  object space 49664K, 12% used [0x0000000082600000,0x0000000082c0c978,0x0000000085680000)
 Metaspace       used 26593K, capacity 27520K, committed 27776K, reserved 1073152K
  class space    used 3460K, capacity 3664K, committed 3712K, reserved 1048576K
Event: 2.899 GC heap after
Heap after GC invocations=9 (full 1):
 PSYoungGen      total 228864K, used 6085K [0x00000000d6200000, 0x00000000e6c00000, 0x0000000100000000)
  eden space 222720K, 0% used [0x00000000d6200000,0x00000000d6200000,0x00000000e3b80000)
  from space 6144K, 99% used [0x00000000e6600000,0x00000000e6bf1588,0x00000000e6c00000)
  to   space 8192K, 0% used [0x00000000e5c00000,0x00000000e5c00000,0x00000000e6400000)
 ParOldGen       total 49664K, used 6266K [0x0000000082600000, 0x0000000085680000, 0x00000000d6200000)
  object space 49664K, 12% used [0x0000000082600000,0x0000000082c1e988,0x0000000085680000)
 Metaspace       used 26593K, capacity 27520K, committed 27776K, reserved 1073152K
  class space    used 3460K, capacity 3664K, committed 3712K, reserved 1048576K
}
Event: 3.698 GC heap before
{Heap before GC invocations=10 (full 1):
 PSYoungGen      total 228864K, used 228805K [0x00000000d6200000, 0x00000000e6c00000, 0x0000000100000000)
  eden space 222720K, 100% used [0x00000000d6200000,0x00000000e3b80000,0x00000000e3b80000)
  from space 6144K, 99% used [0x00000000e6600000,0x00000000e6bf1588,0x00000000e6c00000)
  to   space 8192K, 0% used [0x00000000e5c00000,0x00000000e5c00000,0x00000000e6400000)
 ParOldGen       total 49664K, used 6266K [0x0000000082600000, 0x0000000085680000, 0x00000000d6200000)
  object space 49664K, 12% used [0x0000000082600000,0x0000000082c1e988,0x0000000085680000)
 Metaspace       used 30118K, capacity 31220K, committed 31360K, reserved 1077248K
  class space    used 3908K, capacity 4142K, committed 4224K, reserved 1048576K
Event: 3.707 GC heap after
Heap after GC invocations=10 (full 1):
 PSYoungGen      total 264192K, used 8169K [0x00000000d6200000, 0x00000000eac80000, 0x0000000100000000)
  eden space 256000K, 0% used [0x00000000d6200000,0x00000000d6200000,0x00000000e5c00000)
  from space 8192K, 99% used [0x00000000e5c00000,0x00000000e63fa718,0x00000000e6400000)
  to   space 11776K, 0% used [0x00000000ea100000,0x00000000ea100000,0x00000000eac80000)
 ParOldGen       total 49664K, used 12049K [0x0000000082600000, 0x0000000085680000, 0x00000000d6200000)
  object space 49664K, 24% used [0x0000000082600000,0x00000000831c45a0,0x0000000085680000)
 Metaspace       used 30118K, capacity 31220K, committed 31360K, reserved 1077248K
  class space    used 3908K, capacity 4142K, committed 4224K, reserved 1048576K
}
Event: 4.270 GC heap before
{Heap before GC invocations=11 (full 1):
 PSYoungGen      total 264192K, used 116097K [0x00000000d6200000, 0x00000000eac80000, 0x0000000100000000)
  eden space 256000K, 42% used [0x00000000d6200000,0x00000000dcb65e28,0x00000000e5c00000)
  from space 8192K, 99% used [0x00000000e5c00000,0x00000000e63fa718,0x00000000e6400000)
  to   space 11776K, 0% used [0x00000000ea100000,0x00000000ea100000,0x00000000eac80000)
 ParOldGen       total 49664K, used 12049K [0x0000000082600000, 0x0000000085680000, 0x00000000d6200000)
  object space 49664K, 24% used [0x0000000082600000,0x00000000831c45a0,0x0000000085680000)
 Metaspace       used 34040K, capacity 35352K, committed 35416K, reserved 1079296K
  class space    used 4454K, capacity 4718K, committed 4736K, reserved 1048576K
Event: 4.278 GC heap after
Heap after GC invocations=11 (full 1):
 PSYoungGen      total 325632K, used 10662K [0x00000000d6200000, 0x00000000ed880000, 0x0000000100000000)
  eden space 313856K, 0% used [0x00000000d6200000,0x00000000d6200000,0x00000000e9480000)
  from space 11776K, 90% used [0x00000000ea100000,0x00000000eab69840,0x00000000eac80000)
  to   space 12800K, 0% used [0x00000000e9480000,0x00000000e9480000,0x00000000ea100000)
 ParOldGen       total 49664K, used 14573K [0x0000000082600000, 0x0000000085680000, 0x00000000d6200000)
  object space 49664K, 29% used [0x0000000082600000,0x000000008343b5f0,0x0000000085680000)
 Metaspace       used 34040K, capacity 35352K, committed 35416K, reserved 1079296K
  class space    used 4454K, capacity 4718K, committed 4736K, reserved 1048576K
}
Event: 4.278 GC heap before
{Heap before GC invocations=12 (full 2):
 PSYoungGen      total 325632K, used 10662K [0x00000000d6200000, 0x00000000ed880000, 0x0000000100000000)
  eden space 313856K, 0% used [0x00000000d6200000,0x00000000d6200000,0x00000000e9480000)
  from space 11776K, 90% used [0x00000000ea100000,0x00000000eab69840,0x00000000eac80000)
  to   space 12800K, 0% used [0x00000000e9480000,0x00000000e9480000,0x00000000ea100000)
 ParOldGen       total 49664K, used 14573K [0x0000000082600000, 0x0000000085680000, 0x00000000d6200000)
  object space 49664K, 29% used [0x0000000082600000,0x000000008343b5f0,0x0000000085680000)
 Metaspace       used 34040K, capacity 35352K, committed 35416K, reserved 1079296K
  class space    used 4454K, capacity 4718K, committed 4736K, reserved 1048576K
Event: 4.324 GC heap after
Heap after GC invocations=12 (full 2):
 PSYoungGen      total 325632K, used 0K [0x00000000d6200000, 0x00000000ed880000, 0x0000000100000000)
  eden space 313856K, 0% used [0x00000000d6200000,0x00000000d6200000,0x00000000e9480000)
  from space 11776K, 0% used [0x00000000ea100000,0x00000000ea100000,0x00000000eac80000)
  to   space 12800K, 0% used [0x00000000e9480000,0x00000000e9480000,0x00000000ea100000)
 ParOldGen       total 79872K, used 17834K [0x0000000082600000, 0x0000000087400000, 0x00000000d6200000)
  object space 79872K, 22% used [0x0000000082600000,0x000000008376abe0,0x0000000087400000)
 Metaspace       used 34040K, capacity 35352K, committed 35416K, reserved 1079296K
  class space    used 4454K, capacity 4718K, committed 4736K, reserved 1048576K
}
Event: 6.864 GC heap before
{Heap before GC invocations=13 (full 2):
 PSYoungGen      total 325632K, used 313856K [0x00000000d6200000, 0x00000000ed880000, 0x0000000100000000)
  eden space 313856K, 100% used [0x00000000d6200000,0x00000000e9480000,0x00000000e9480000)
  from space 11776K, 0% used [0x00000000ea100000,0x00000000ea100000,0x00000000eac80000)
  to   space 12800K, 0% used [0x00000000e9480000,0x00000000e9480000,0x00000000ea100000)
 ParOldGen       total 79872K, used 17834K [0x0000000082600000, 0x0000000087400000, 0x00000000d6200000)
  object space 79872K, 22% used [0x0000000082600000,0x000000008376abe0,0x0000000087400000)
 Metaspace       used 48004K, capacity 49522K, committed 49752K, reserved 1093632K
  class space    used 6242K, capacity 6519K, committed 6528K, reserved 1048576K
Event: 6.899 GC heap after
Heap after GC invocations=13 (full 2):
 PSYoungGen      total 326656K, used 12791K [0x00000000d6200000, 0x00000000f1c80000, 0x0000000100000000)
  eden space 313856K, 0% used [0x00000000d6200000,0x00000000d6200000,0x00000000e9480000)
  from space 12800K, 99% used [0x00000000e9480000,0x00000000ea0fdeb0,0x00000000ea100000)
  to   space 16384K, 0% used [0x00000000f0c80000,0x00000000f0c80000,0x00000000f1c80000)
 ParOldGen       total 79872K, used 23368K [0x0000000082600000, 0x0000000087400000, 0x00000000d6200000)
  object space 79872K, 29% used [0x0000000082600000,0x0000000083cd2310,0x0000000087400000)
 Metaspace       used 48004K, capacity 49522K, committed 49752K, reserved 1093632K
  class space    used 6242K, capacity 6519K, committed 6528K, reserved 1048576K
}

Deoptimization events (10 events):
Event: 7.120 Thread 0x0000000003164000 Uncommon trap: reason=unstable_if action=reinterpret pc=0x00000000038665a4 method=java.util.HashMap.getNode(ILjava/lang/Object;)Ljava/util/HashMap$Node; @ 84
Event: 7.120 Thread 0x0000000003164000 Uncommon trap: reason=unstable_if action=reinterpret pc=0x000000000381cb00 method=java.util.HashMap.putVal(ILjava/lang/Object;Ljava/lang/Object;ZZ)Ljava/lang/Object; @ 109
Event: 7.388 Thread 0x0000000003164000 Uncommon trap: reason=null_check action=make_not_entrant pc=0x0000000004279b40 method=org.springframework.core.annotation.AnnotatedElementUtils.searchWithFindSemantics(Ljava/lang/reflect/AnnotatedElement;Ljava/lang/Class;Ljava/lang/String;Ljava/lang/Class
Event: 7.388 Thread 0x0000000003164000 Uncommon trap: reason=null_check action=make_not_entrant pc=0x0000000003c705f8 method=org.springframework.core.annotation.AnnotatedElementUtils.searchWithGetSemanticsInAnnotations(Ljava/lang/reflect/AnnotatedElement;Ljava/util/List;Ljava/lang/Class;Ljava/
Event: 7.416 Thread 0x0000000003164000 Uncommon trap: reason=null_check action=make_not_entrant pc=0x0000000003e59a04 method=org.springframework.core.annotation.AnnotationUtils.isSynthesizable(Ljava/lang/Class;)Z @ 84
Event: 7.455 Thread 0x0000000003164000 Uncommon trap: reason=unstable_if action=reinterpret pc=0x0000000003b4d3c0 method=org.springframework.util.ConcurrentReferenceHashMap$Segment.findInChain(Lorg/springframework/util/ConcurrentReferenceHashMap$Reference;Ljava/lang/Object;I)Lorg/springframewo
Event: 7.456 Thread 0x0000000003164000 Uncommon trap: reason=unstable_if action=reinterpret pc=0x0000000003b45af8 method=org.springframework.util.ConcurrentReferenceHashMap$Segment.findInChain(Lorg/springframework/util/ConcurrentReferenceHashMap$Reference;Ljava/lang/Object;I)Lorg/springframewo
Event: 7.504 Thread 0x0000000003164000 Uncommon trap: reason=range_check action=make_not_entrant pc=0x000000000425d734 method=java.lang.String.charAt(I)C @ 27
Event: 7.606 Thread 0x0000000003164000 Uncommon trap: reason=unstable_if action=reinterpret pc=0x0000000003f85944 method=java.util.WeakHashMap.put(Ljava/lang/Object;Ljava/lang/Object;)Ljava/lang/Object; @ 47
Event: 7.730 Thread 0x0000000003164000 Uncommon trap: reason=unstable_if action=reinterpret pc=0x00000000044002ec method=org.springframework.core.annotation.AnnotatedElementUtils.searchWithFindSemantics(Ljava/lang/reflect/AnnotatedElement;Ljava/lang/Class;Ljava/lang/String;Ljava/lang/Class;Lor

Classes redefined (0 events):
No events

Internal exceptions (10 events):
Event: 7.720 Thread 0x0000000003164000 Exception <a 'java/lang/ClassNotFoundException': java/lang/ObjectCustomizer> (0x00000000dbca80e8) thrown at [C:\re\workspace\8-2-build-windows-amd64-cygwin\jdk8u161\10277\hotspot\src\share\vm\classfile\systemDictionary.cpp, line 210]
Event: 7.720 Thread 0x0000000003164000 Exception <a 'java/lang/ClassNotFoundException': org.springframework.boot.autoconfigure.data.web.SpringDataWebAutoConfiguration$$Lambda$335/1007151152Customizer> (0x00000000dbcacdd8) thrown at [C:\re\workspace\8-2-build-windows-amd64-cygwin\jdk8u161\10277
Event: 7.720 Thread 0x0000000003164000 Exception <a 'java/lang/ClassNotFoundException': org.springframework.boot.autoconfigure.data.web.SpringDataWebAutoConfiguration$$Lambda$335/1007151152Customizer> (0x00000000dbcad890) thrown at [C:\re\workspace\8-2-build-windows-amd64-cygwin\jdk8u161\10277
Event: 7.720 Thread 0x0000000003164000 Exception <a 'java/lang/ClassNotFoundException': org.springframework.boot.autoconfigure.data.web.SpringDataWebAutoConfiguration$$Lambda$335/1007151152Customizer> (0x00000000dbcae348) thrown at [C:\re\workspace\8-2-build-windows-amd64-cygwin\jdk8u161\10277
Event: 7.721 Thread 0x0000000003164000 Exception <a 'java/lang/ClassNotFoundException': org/springframework/data/web/config/PageableHandlerMethodArgumentResolverCustomizerCustomizer> (0x00000000dbd0a660) thrown at [C:\re\workspace\8-2-build-windows-amd64-cygwin\jdk8u161\10277\hotspot\src\share
Event: 7.725 Thread 0x0000000003164000 Exception <a 'java/lang/ClassNotFoundException': java/lang/ObjectCustomizer> (0x00000000dbd39e98) thrown at [C:\re\workspace\8-2-build-windows-amd64-cygwin\jdk8u161\10277\hotspot\src\share\vm\classfile\systemDictionary.cpp, line 210]
Event: 7.725 Thread 0x0000000003164000 Exception <a 'java/lang/ClassNotFoundException': org.springframework.boot.autoconfigure.data.web.SpringDataWebAutoConfiguration$$Lambda$336/783733578Customizer> (0x00000000dbd3eb80) thrown at [C:\re\workspace\8-2-build-windows-amd64-cygwin\jdk8u161\10277\
Event: 7.725 Thread 0x0000000003164000 Exception <a 'java/lang/ClassNotFoundException': org.springframework.boot.autoconfigure.data.web.SpringDataWebAutoConfiguration$$Lambda$336/783733578Customizer> (0x00000000dbd3f638) thrown at [C:\re\workspace\8-2-build-windows-amd64-cygwin\jdk8u161\10277\
Event: 7.725 Thread 0x0000000003164000 Exception <a 'java/lang/ClassNotFoundException': org.springframework.boot.autoconfigure.data.web.SpringDataWebAutoConfiguration$$Lambda$336/783733578Customizer> (0x00000000dbd400f0) thrown at [C:\re\workspace\8-2-build-windows-amd64-cygwin\jdk8u161\10277\
Event: 7.726 Thread 0x0000000003164000 Exception <a 'java/lang/ClassNotFoundException': org/springframework/data/web/config/SortHandlerMethodArgumentResolverCustomizerCustomizer> (0x00000000dbd98738) thrown at [C:\re\workspace\8-2-build-windows-amd64-cygwin\jdk8u161\10277\hotspot\src\share\vm\

Events (10 events):
Event: 7.725 loading class org/springframework/data/web/config/SortHandlerMethodArgumentResolverCustomizerCustomizer done
Event: 7.726 loading class org/springframework/data/web/config/SortHandlerMethodArgumentResolverCustomizerCustomizer
Event: 7.726 loading class org/springframework/data/web/config/SortHandlerMethodArgumentResolverCustomizerCustomizer done
Event: 7.726 loading class org/springframework/data/web/config/SortHandlerMethodArgumentResolverCustomizerCustomizer
Event: 7.726 loading class org/springframework/data/web/config/SortHandlerMethodArgumentResolverCustomizerCustomizer done
Event: 7.730 Thread 0x0000000003164000 Uncommon trap: trap_request=0xffffff65 fr.pc=0x00000000044002ec
Event: 7.730 Thread 0x0000000003164000 DEOPT PACKING pc=0x00000000044002ec sp=0x000000000315ad10
Event: 7.730 Thread 0x0000000003164000 DEOPT UNPACKING pc=0x00000000033a583b sp=0x000000000315ad00 mode 2
Event: 7.735 Thread 0x0000000003164000 DEOPT PACKING pc=0x0000000003a5bc97 sp=0x000000000315a3e0
Event: 7.735 Thread 0x0000000003164000 DEOPT UNPACKING pc=0x00000000033a7890 sp=0x000000000315a138 mode 0


Dynamic libraries:
0x00007ff730ef0000 - 0x00007ff730f27000 	C:\java\jdk1.8.0_161\bin\java.exe
0x00007fffb6020000 - 0x00007fffb6210000 	C:\windows\SYSTEM32\ntdll.dll
0x00007fffb5aa0000 - 0x00007fffb5b52000 	C:\windows\System32\KERNEL32.DLL
0x00007fffb30c0000 - 0x00007fffb3364000 	C:\windows\System32\KERNELBASE.dll
0x00007fffb5950000 - 0x00007fffb59f3000 	C:\windows\System32\ADVAPI32.dll
0x00007fffb5890000 - 0x00007fffb592e000 	C:\windows\System32\msvcrt.dll
0x00007fffb5f10000 - 0x00007fffb5fa7000 	C:\windows\System32\sechost.dll
0x00007fffb4750000 - 0x00007fffb4870000 	C:\windows\System32\RPCRT4.dll
0x00007fffb5b60000 - 0x00007fffb5cf4000 	C:\windows\System32\USER32.dll
0x00007fffb40a0000 - 0x00007fffb40c1000 	C:\windows\System32\win32u.dll
0x00007fffb5fb0000 - 0x00007fffb5fd6000 	C:\windows\System32\GDI32.dll
0x00007fffb3370000 - 0x00007fffb3504000 	C:\windows\System32\gdi32full.dll
0x00007fffb3880000 - 0x00007fffb391e000 	C:\windows\System32\msvcp_win.dll
0x00007fffb3700000 - 0x00007fffb37fa000 	C:\windows\System32\ucrtbase.dll
0x00007fff9da10000 - 0x00007fff9dc94000 	C:\windows\WinSxS\amd64_microsoft.windows.common-controls_6595b64144ccf1df_6.0.18362.836_none_e6c4b943130f18ed\COMCTL32.dll
0x00007fffb5280000 - 0x00007fffb55b6000 	C:\windows\System32\combase.dll
0x00007fffb3800000 - 0x00007fffb3880000 	C:\windows\System32\bcryptPrimitives.dll
0x00007fffb5d00000 - 0x00007fffb5d2e000 	C:\windows\System32\IMM32.DLL
0x0000000067050000 - 0x0000000067122000 	C:\java\jdk1.8.0_161\jre\bin\msvcr100.dll
0x00000000667b0000 - 0x000000006704f000 	C:\java\jdk1.8.0_161\jre\bin\server\jvm.dll
0x00007fffb5270000 - 0x00007fffb5278000 	C:\windows\System32\PSAPI.DLL
0x00007fffabb30000 - 0x00007fffabb54000 	C:\windows\SYSTEM32\WINMM.dll
0x00007fffab020000 - 0x00007fffab029000 	C:\windows\SYSTEM32\WSOCK32.dll
0x00007fffa9ce0000 - 0x00007fffa9cea000 	C:\windows\SYSTEM32\VERSION.dll
0x00007fffb5700000 - 0x00007fffb576f000 	C:\windows\System32\WS2_32.dll
0x00007fffab580000 - 0x00007fffab5ad000 	C:\windows\SYSTEM32\WINMMBASE.dll
0x00007fffb3690000 - 0x00007fffb36da000 	C:\windows\System32\cfgmgr32.dll
0x00000000667a0000 - 0x00000000667af000 	C:\java\jdk1.8.0_161\jre\bin\verify.dll
0x0000000066770000 - 0x0000000066799000 	C:\java\jdk1.8.0_161\jre\bin\java.dll
0x0000000066720000 - 0x0000000066743000 	C:\java\jdk1.8.0_161\jre\bin\instrument.dll
0x0000000066750000 - 0x0000000066766000 	C:\java\jdk1.8.0_161\jre\bin\zip.dll
0x00007fffb4ac0000 - 0x00007fffb51a4000 	C:\windows\System32\SHELL32.dll
0x00007fffb5770000 - 0x00007fffb5819000 	C:\windows\System32\shcore.dll
0x00007fffb3920000 - 0x00007fffb409e000 	C:\windows\System32\windows.storage.dll
0x00007fffb2ef0000 - 0x00007fffb2f13000 	C:\windows\System32\profapi.dll
0x00007fffb2f20000 - 0x00007fffb2f6a000 	C:\windows\System32\powrprof.dll
0x00007fffb2ee0000 - 0x00007fffb2ef0000 	C:\windows\System32\UMPDC.dll
0x00007fffb46f0000 - 0x00007fffb4742000 	C:\windows\System32\shlwapi.dll
0x00007fffb2f90000 - 0x00007fffb2fa1000 	C:\windows\System32\kernel.appcore.dll
0x00007fffb36e0000 - 0x00007fffb36f7000 	C:\windows\System32\cryptsp.dll
0x00007fff71690000 - 0x00007fff716aa000 	D:\idea\IntelliJ IDEA 2019.2.2\bin\breakgen64.dll
0x0000000066700000 - 0x000000006671a000 	C:\java\jdk1.8.0_161\jre\bin\net.dll
0x00007fffb2750000 - 0x00007fffb27b7000 	C:\windows\system32\mswsock.dll
0x00000000666e0000 - 0x00000000666f1000 	C:\java\jdk1.8.0_161\jre\bin\nio.dll
0x00007fffb2460000 - 0x00007fffb249a000 	C:\windows\SYSTEM32\IPHLPAPI.DLL
0x00007fffb5930000 - 0x00007fffb5938000 	C:\windows\System32\NSI.dll
0x00007fffaaa40000 - 0x00007fffaaa56000 	C:\windows\SYSTEM32\dhcpcsvc6.DLL
0x00007fffaaa20000 - 0x00007fffaaa3c000 	C:\windows\SYSTEM32\dhcpcsvc.DLL
0x00007fffb24b0000 - 0x00007fffb257b000 	C:\windows\SYSTEM32\DNSAPI.dll
0x00007fffabb60000 - 0x00007fffabb8f000 	C:\Program Files (x86)\Sangfor\SSL\ClientComponent\SangforNspX64.dll
0x00007fffb5db0000 - 0x00007fffb5f07000 	C:\windows\System32\ole32.dll
0x00007fffb4920000 - 0x00007fffb49e4000 	C:\windows\System32\OLEAUT32.dll
0x00007fffab300000 - 0x00007fffab30a000 	C:\Windows\System32\rasadhlp.dll
0x00007fffaa7a0000 - 0x00007fffaa817000 	C:\windows\System32\fwpuclnt.dll
0x00007fffb3510000 - 0x00007fffb3536000 	C:\windows\System32\bcrypt.dll
0x00000000666d0000 - 0x00000000666dd000 	C:\java\jdk1.8.0_161\jre\bin\management.dll
0x00007fffab2e0000 - 0x00007fffab2f6000 	C:\windows\system32\napinsp.dll
0x00007fffab3e0000 - 0x00007fffab3fa000 	C:\windows\system32\pnrpnsp.dll
0x00007fffabb20000 - 0x00007fffabb2e000 	C:\windows\System32\winrnr.dll
0x00007fffac1c0000 - 0x00007fffac1dc000 	C:\windows\system32\NLAapi.dll
0x00007fffab400000 - 0x00007fffab415000 	C:\windows\system32\wshbth.dll
0x00007fffb22c0000 - 0x00007fffb22f3000 	C:\windows\system32\rsaenh.dll
0x00007fffb2dd0000 - 0x00007fffb2df5000 	C:\windows\SYSTEM32\USERENV.dll
0x00007fffb2920000 - 0x00007fffb292c000 	C:\windows\SYSTEM32\CRYPTBASE.dll

VM Arguments:
jvm_args: -ea -Didea.test.cyclic.buffer.size=1048576 -javaagent:D:\idea\IntelliJ IDEA 2019.2.2\lib\idea_rt.jar=57000:D:\idea\IntelliJ IDEA 2019.2.2\bin -Dfile.encoding=UTF-8 
java_command: com.intellij.rt.execution.junit.JUnitStarter -ideVersion5 -junit4 com.iels.learning.learningCourseTest,testLearningCourse
java_class_path (initial): D:\idea\IntelliJ IDEA 2019.2.2\lib\idea_rt.jar;D:\idea\IntelliJ IDEA 2019.2.2\plugins\junit\lib\junit-rt.jar;D:\idea\IntelliJ IDEA 2019.2.2\plugins\junit\lib\junit5-rt.jar;C:\java\jdk1.8.0_161\jre\lib\charsets.jar;C:\java\jdk1.8.0_161\jre\lib\deploy.jar;C:\java\jdk1.8.0_161\jre\lib\ext\access-bridge-64.jar;C:\java\jdk1.8.0_161\jre\lib\ext\cldrdata.jar;C:\java\jdk1.8.0_161\jre\lib\ext\dnsns.jar;C:\java\jdk1.8.0_161\jre\lib\ext\jaccess.jar;C:\java\jdk1.8.0_161\jre\lib\ext\jfxrt.jar;C:\java\jdk1.8.0_161\jre\lib\ext\localedata.jar;C:\java\jdk1.8.0_161\jre\lib\ext\nashorn.jar;C:\java\jdk1.8.0_161\jre\lib\ext\ojdbc6.jar;C:\java\jdk1.8.0_161\jre\lib\ext\rt.jar;C:\java\jdk1.8.0_161\jre\lib\ext\sqljdbc.jar;C:\java\jdk1.8.0_161\jre\lib\ext\sunec.jar;C:\java\jdk1.8.0_161\jre\lib\ext\sunjce_provider.jar;C:\java\jdk1.8.0_161\jre\lib\ext\sunmscapi.jar;C:\java\jdk1.8.0_161\jre\lib\ext\sunpkcs11.jar;C:\java\jdk1.8.0_161\jre\lib\ext\zipfs.jar;C:\java\jdk1.8.0_161\jre\lib\javaws.jar;C:\java\jdk1.8.0_161\jre\lib\jce.jar;C:\java\jdk1.8.0_161\jre\lib\jfr.jar;C:\java\jdk1.8.0_161\jre\lib\jfxswt.jar;C:\java\jdk1.8.0_161\jre\lib\jsse.jar;C:\java\jdk1.8.0_161\jre\lib\management-agent.jar;C:\java\jdk1.8.0_161\jre\lib\plugin.jar;C:\java\jdk1.8.0_161\jre\lib\resources.jar;C:\java\jdk1.8.0_161\jre\lib\rt.jar;D:\iels_Project\iels\ielsServiceV1\iels-service-learning\target\test-classes;D:\iels_Project\iels\ielsServiceV1\iels-service-learning\target\classes;D:\iels_Project\iels\ielsServiceV1\iels-framework-common\target\classes;D:\Maven\repository\org\projectlombok\lombok\1.16.16\lombok-1.16.16.jar;D:\Maven\repository\io\springfox\springfox-swagger2\2.7.0\springfox-swagger2-2.7.0.jar;D:\Maven\repository\io\swagger\swagger-annotations\1.5.13\swagger-annotations-1.5.13.jar;D:\Maven\repository\io\swagger\swagger-models\1.5.13\swagger-models-1.5.13.jar;D:\Maven\repository\io\springfox\springfox-spi\2.7.0\springfox-spi-2.7.0.jar;D:\Maven\repository\io\springfox\springfox-co
Launcher Type: SUN_STANDARD

Environment Variables:
JAVA_HOME=C:\java\jdk1.8.0_161
PATH=C:\windows\system32;C:\windows;C:\windows\System32\Wbem;C:\windows\System32\WindowsPowerShell\v1.0\;C:\windows\System32\OpenSSH\;C:\Program Files (x86)\NVIDIA Corporation\PhysX\Common;C:\Program Files\NVIDIA Corporation\NVIDIA NvDLISR;C:\Program Files\Intel\WiFi\bin\;C:\Program Files\Common Files\Intel\WirelessCommon\;C:\java\jdk1.8.0_161\bin;C:\mysql-5.6.38\bin;D:\Maven\apache-maven-3.5.4\bin;D:\node\;D:\git\Git\cmd;D:\TortoiseGit\bin;D:\node\npm_modules;D:\erl10.5\bin;D:\apache-jmeter-5.2.1\apache-jmeter-5.2.1\bin;D:\ruby\Ruby25-x64\bin;C:\Users\Garmi\AppData\Local\Microsoft\WindowsApps;C:\Users\Garmi\AppData\Roaming\npm;D:\vscode\Microsoft VS Code\bin
USERNAME=Garmi
OS=Windows_NT
PROCESSOR_IDENTIFIER=Intel64 Family 6 Model 142 Stepping 12, GenuineIntel



---------------  S Y S T E M  ---------------

OS: Windows 10.0 , 64 bit Build 18362 (10.0.18362.778)

CPU:total 8 (initial active 8) (4 cores per cpu, 2 threads per core) family 6 model 142 stepping 12, cmov, cx8, fxsr, mmx, sse, sse2, sse3, ssse3, sse4.1, sse4.2, popcnt, avx, avx2, aes, clmul, erms, 3dnowpref, lzcnt, ht, tsc, tscinvbit, bmi1, bmi2, adx

Memory: 4k page, physical 8230644k(353740k free), swap 18716400k(4640k free)

vm_info: Java HotSpot(TM) 64-Bit Server VM (25.161-b12) for windows-amd64 JRE (1.8.0_161-b12), built on Dec 19 2017 17:52:25 by "java_re" with MS VC++ 10.0 (VS2010)

time: Tue May 19 18:17:54 2020
elapsed time: 7 seconds (0d 0h 0m 7s)

